Build started 5/20/2016 1:39:15 AM.
     1>Project "D:\year2\second semester\Multimedia\integer arithmetic\integer arithmetic\integer arithmetic.vcxproj" on node 2 (Build target(s)).
     1>ClCompile:
         C:\Program Files (x86)\Microsoft Visual Studio 12.0\VC\bin\CL.exe /c /ZI /nologo /W3 /WX- /sdl /Od /Oy- /D WIN32 /D _DEBUG /D _CONSOLE /D _LIB /D _UNICODE /D UNICODE /Gm /EHsc /RTC1 /MDd /GS /fp:precise /Zc:wchar_t /Zc:forScope /Fo"Debug\\" /Fd"Debug\vc120.pdb" /Gd /TP /analyze- /errorReport:prompt Source.cpp
         Source.cpp
     1>d:\year2\second semester\multimedia\integer arithmetic\integer arithmetic\arithmetic.h(53): warning C4091: 'typedef ' : ignored on left of 'Arithmetic' when no variable is declared
     1>d:\year2\second semester\multimedia\integer arithmetic\integer arithmetic\mtf.h(5): warning C4067: unexpected tokens following preprocessor directive - expected a newline
     1>d:\year2\second semester\multimedia\integer arithmetic\integer arithmetic\source.cpp(24): warning C4018: '<=' : signed/unsigned mismatch
     1>d:\year2\second semester\multimedia\integer arithmetic\integer arithmetic\source.cpp(31): warning C4018: '>' : signed/unsigned mismatch
     1>d:\year2\second semester\multimedia\integer arithmetic\integer arithmetic\source.cpp(31): warning C4018: '<' : signed/unsigned mismatch
     1>d:\year2\second semester\multimedia\integer arithmetic\integer arithmetic\source.cpp(44): warning C4018: '<' : signed/unsigned mismatch
     1>d:\year2\second semester\multimedia\integer arithmetic\integer arithmetic\source.cpp(80): warning C4018: '<' : signed/unsigned mismatch
     1>d:\year2\second semester\multimedia\integer arithmetic\integer arithmetic\source.cpp(95): warning C4018: '<' : signed/unsigned mismatch
       Link:
         C:\Program Files (x86)\Microsoft Visual Studio 12.0\VC\bin\link.exe /ERRORREPORT:PROMPT /OUT:"D:\year2\second semester\Multimedia\integer arithmetic\Debug\integer arithmetic.exe" /INCREMENTAL /NOLOGO kernel32.lib user32.lib gdi32.lib winspool.lib comdlg32.lib advapi32.lib shell32.lib ole32.lib oleaut32.lib uuid.lib odbc32.lib odbccp32.lib /MANIFEST /MANIFESTUAC:"level='asInvoker' uiAccess='false'" /manifest:embed /DEBUG /PDB:"D:\year2\second semester\Multimedia\integer arithmetic\Debug\integer arithmetic.pdb" /SUBSYSTEM:CONSOLE /TLBID:1 /DYNAMICBASE /NXCOMPAT /IMPLIB:"D:\year2\second semester\Multimedia\integer arithmetic\Debug\integer arithmetic.lib" /MACHINE:X86 Debug\Arithmetic.obj
         Debug\BWT.obj
         Debug\Model.obj
         Debug\MTF.obj
         Debug\Source.obj
         integer arithmetic.vcxproj -> D:\year2\second semester\Multimedia\integer arithmetic\Debug\integer arithmetic.exe
     1>Done Building Project "D:\year2\second semester\Multimedia\integer arithmetic\integer arithmetic\integer arithmetic.vcxproj" (Build target(s)).

Build succeeded.

Time Elapsed 00:00:01.13
